<?xml version="1.0" encoding="UTF-8"?>
<beans xmlns="http://www.springframework.org/schema/beans"
	xmlns:xsi="http://www.w3.org/2001/XMLSchema-instance" xmlns:p="http://www.springframework.org/schema/p"
	xmlns:context="http://www.springframework.org/schema/context"
	xsi:schemaLocation="http://www.springframework.org/schema/beans
	  http://www.springframework.org/schema/beans/spring-beans-3.0.xsd
	  http://www.springframework.org/schema/context
	  http://www.springframework.org/schema/context/spring-context-3.0.xsd">
	
	<!-- 引用配置文件方式1： -->
	<bean id="propertyConfigurer" class="org.springframework.beans.factory.config.PropertyPlaceholderConfigurer">
		<property name="locations">
			<list>
				<value>classpath:test/jdbc.properties</value>
			</list>
		</property>
		<property name="fileEncoding" value="utf-8" />
		<property name="ignoreUnresolvablePlaceholders" value="true" />
		<property name="order" value="1"/>
	</bean>

	<!-- 引用配置文件方式2： -->
	<!-- <context:property-placeholder location="classpath:jdbc.properties" /> -->
	
	<!-- mysql 数据源 -->
	<bean id="dataSource" class="org.apache.commons.dbcp.BasicDataSource" destroy-method="close">
		<property name="driverClassName" value="${orm.mysql.jdbc.driverClassName}" />
		<property name="url" value="${orm.mysql.jdbc.url}" />
		<property name="username" value="${orm.mysql.jdbc.username}" />
		<property name="password" value="${orm.mysql.jdbc.password}" />
		<property name="initialSize" value="10" />
		<property name="maxActive" value="50" />
		<property name="maxIdle" value="30" />
		<property name="minIdle" value="15" />
		<property name="removeAbandoned" value="true" />
		<property name="removeAbandonedTimeout" value="180" />
		<property name="maxWait" value="30000" />
		<property name="validationQuery">
			<value> SELECT 1 FROM dual</value>
		</property>
		<property name="testOnBorrow" value="true" />
	</bean>


	<!-- oracle 数据源 -->
	<!-- <bean id="oracleDataSource" class="org.apache.commons.dbcp.BasicDataSource" destroy-method="close">
		<property name="driverClassName" value="${orm.oracle.jdbc.driverClassName}" />
		<property name="url" value="${orm.oracle.jdbc.url}" />
		<property name="username" value="${orm.oracle.jdbc.username}" />
		<property name="password" value="${orm.oracle.jdbc.password}" />
		<property name="initialPoolSize" value="1" />
		<property name="minPoolSize" value="1" />
		<property name="maxPoolSize" value="10" />
		<property name="acquireIncrement" value="5" />
		<property name="maxIdleTime" value="10" />
		<property name="maxStatements" value="0" />
	</bean> -->

</beans>
